-------------------------------------------------------------------------------
Test set: com.deep.JSONSchemaUnitTest
-------------------------------------------------------------------------------
Tests run: 2, Failures: 0, Errors: 2, Skipped: 0, Time elapsed: 0.096 s <<< FAILURE! - in com.deep.JSONSchemaUnitTest
givenInvalidInput_whenValidating_thenInvalid(com.deep.JSONSchemaUnitTest)  Time elapsed: 0.046 s  <<< ERROR!
java.lang.Exception: Unexpected exception, expected<org.everit.json.schema.ValidationException> but was<org.json.JSONException>
	at com.deep.JSONSchemaUnitTest.givenInvalidInput_whenValidating_thenInvalid(JSONSchemaUnitTest.java:18)

givenValidInput_whenValidating_thenValid(com.deep.JSONSchemaUnitTest)  Time elapsed: 0.001 s  <<< ERROR!
java.lang.NullPointerException
	at com.deep.JSONSchemaUnitTest.givenValidInput_whenValidating_thenValid(JSONSchemaUnitTest.java:27)

