<?xml version="1.0" encoding="UTF-8"?>
<testsuite xmlns:xsi="http://www.w3.org/2001/XMLSchema-instance" xsi:noNamespaceSchemaLocation="https://maven.apache.org/surefire/maven-surefire-plugin/xsd/surefire-test-report.xsd" name="com.deep.JSONSchemaUnitTest" time="0.096" tests="2" errors="2" skipped="0" failures="0">
  <properties>
[...]
</properties>
  <testcase name="givenInvalidInput_whenValidating_thenInvalid" classname="com.deep.JSONSchemaUnitTest" time="0.046">
    <error message="Unexpected exception, expected&lt;org.everit.json.schema.ValidationException&gt; but was&lt;org.json.JSONException&gt;" type="java.lang.Exception"><![CDATA[java.lang.Exception: Unexpected exception, expected<org.everit.json.schema.ValidationException> but was<org.json.JSONException>
	at com.deep.JSONSchemaUnitTest.givenInvalidInput_whenValidating_thenInvalid(JSONSchemaUnitTest.java:18)
]]></error>
  </testcase>
  <testcase name="givenValidInput_whenValidating_thenValid" classname="com.deep.JSONSchemaUnitTest" time="0.001">
    <error type="java.lang.NullPointerException">java.lang.NullPointerException
	at com.deep.JSONSchemaUnitTest.givenValidInput_whenValidating_thenValid(JSONSchemaUnitTest.java:27)
</error>
  </testcase>
</testsuite>